Arguments: 
  C:\Program Files\nodejs\node.exe C:\Users\pasca\AppData\Roaming\npm\node_modules\yarn\bin\yarn.js add create_react_app

PATH: 
  C:\Program Files (x86)\Google\Chrome\Application;D:\Oculus\Support\oculus-runtime;D:\ProgramData\Anaconda3;D:\ProgramData\Anaconda3\Library\mingw-w64\bin;D:\ProgramData\Anaconda3\Library\usr\bin;D:\ProgramData\Anaconda3\Library\bin;D:\ProgramData\Anaconda3\Scripts;C:\Program Files (x86)\Common Files\Intel\Shared Files\cpp\bin\Intel64;C:\Program Files (x86)\Common Files\Oracle\Java\javapath;C:\Program Files (x86)\Intel\iCLS Client\;C:\Program Files\Intel\iCLS Client\;C:\WINDOWS\system32;C:\WINDOWS;C:\WINDOWS\System32\Wbem;C:\WINDOWS\System32\WindowsPowerShell\v1.0\;C:\Program Files (x86)\Intel\Intel(R) Management Engine Components\DAL;C:\Program Files\Intel\Intel(R) Management Engine Components\DAL;C:\Program Files (x86)\Intel\Intel(R) Management Engine Components\IPT;C:\Program Files\Intel\Intel(R) Management Engine Components\IPT;C:\Users\pasca\.dnx\bin;C:\Program Files\Microsoft DNX\Dnvm\;C:\Program Files (x86)\ATI Technologies\ATI.ACE\Core-Static;C:\Program Files (x86)\Windows Live\Shared;C:\WINDOWS\System32\OpenSSH\;C:\Program Files\Git\cmd;C:\Program Files\nodejs\;C:\Program Files (x86)\Bitvise SSH Client;C:\Users\pasca\AppData\Local\Programs\Python\Python37-32\Scripts\;C:\Users\pasca\AppData\Local\Programs\Python\Python37-32\;C:\Users\pasca\AppData\Local\Microsoft\WindowsApps;C:\Users\pasca\AppData\Local\Programs\Microsoft VS Code\bin;C:\Users\pasca\AppData\Roaming\npm;C:\Program Files (x86)\GitHub CLI\;C:\Users\pasca\AppData\Local\GitHubDesktop\bin

Yarn version: 
  1.22.17

Node version: 
  14.17.6

Platform: 
  win32 x64

Trace: 
  Error: https://registry.yarnpkg.com/create_react_app: Not found
      at Request.params.callback [as _callback] (C:\Users\pasca\AppData\Roaming\npm\node_modules\yarn\lib\cli.js:67029:18)
      at Request.self.callback (C:\Users\pasca\AppData\Roaming\npm\node_modules\yarn\lib\cli.js:140883:22)
      at Request.emit (events.js:400:28)
      at Request.<anonymous> (C:\Users\pasca\AppData\Roaming\npm\node_modules\yarn\lib\cli.js:141855:10)
      at Request.emit (events.js:400:28)
      at IncomingMessage.<anonymous> (C:\Users\pasca\AppData\Roaming\npm\node_modules\yarn\lib\cli.js:141777:12)
      at Object.onceWrapper (events.js:519:28)
      at IncomingMessage.emit (events.js:412:35)
      at endReadableNT (internal/streams/readable.js:1317:12)
      at processTicksAndRejections (internal/process/task_queues.js:82:21)

npm manifest: 
  {
    "name": "mchacks2022",
    "version": "1.0.0",
    "description": "",
    "main": "index.js",
    "scripts": {
      "test": "echo \"Error: no test specified\" && exit 1"
    },
    "repository": {
      "type": "git",
      "url": "git+https://github.com/Geener/McHacks2022.git"
    },
    "author": "",
    "license": "ISC",
    "bugs": {
      "url": "https://github.com/Geener/McHacks2022/issues"
    },
    "homepage": "https://github.com/Geener/McHacks2022#readme",
    "dependencies": {
      "twilio": "^3.73.0"
    }
  }

yarn manifest: 
  No manifest

Lockfile: 
  No lockfile
